[+] Containers:
 |- [+] Container: /Game/Project/Assets/Maps/ThirdPersonMap
 |   |- [+] ActorDescs:
 |   |   |- Guid:176E766E4D9F287B46E50FAC7D8AB0A8 BaseClass: NativeClass:/Script/Landscape.LandscapeStreamingProxy Name:LandscapeStreamingProxy_84F246Q0TA4B7JT6AWOQP4NP3_126_2_0_0 Label:LandscapeStreamingProxy_2_0_0 SpatiallyLoaded:1 Bounds:IsValid=true, Min=(X=6300.000 Y=-18900.000 Z=0.000), Max=(X=18900.000 Y=-6300.000 Z=200.000) RuntimeGrid:None EditorOnly:0 RuntimeOnly:0 HLODRelevant:1 ListedInSceneOutliner:1 IsMainWorldOnly:0
 |   |   |- Guid:1D0ED29943E2C4013C738C80B005936A BaseClass: NativeClass:/Script/Landscape.LandscapeStreamingProxy Name:LandscapeStreamingProxy_84F246Q0TA4B7JT6AWOQP4NP3_126_0_0_0 Label:LandscapeStreamingProxy_0_0_0 SpatiallyLoaded:1 Bounds:IsValid=true, Min=(X=-18900.000 Y=-18900.000 Z=0.000), Max=(X=-6300.000 Y=-6300.000 Z=200.000) RuntimeGrid:None EditorOnly:0 RuntimeOnly:0 HLODRelevant:1 ListedInSceneOutliner:1 IsMainWorldOnly:0
 |   |   |- Guid:1E3B10F24882A291069F40AA8719AD5A BaseClass: NativeClass:/Script/Landscape.LandscapeStreamingProxy Name:LandscapeStreamingProxy_84F246Q0TA4B7JT6AWOQP4NP3_126_1_0_0 Label:LandscapeStreamingProxy_1_0_0 SpatiallyLoaded:1 Bounds:IsValid=true, Min=(X=-6300.000 Y=-18900.000 Z=0.000), Max=(X=6300.000 Y=-6300.000 Z=200.000) RuntimeGrid:None EditorOnly:0 RuntimeOnly:0 HLODRelevant:1 ListedInSceneOutliner:1 IsMainWorldOnly:0
 |   |   |- Guid:2FB58999456391D349DC0F86DAC136ED BaseClass: NativeClass:/Script/Engine.SkyLight Name:SkyLight_1 Label:SkyLight SpatiallyLoaded:0 Bounds:IsValid=true, Min=(X=1010.037 Y=-172.914 Z=535.533), Max=(X=1010.037 Y=-172.914 Z=535.533) RuntimeGrid:None EditorOnly:0 RuntimeOnly:0 HLODRelevant:0 ListedInSceneOutliner:1 IsMainWorldOnly:0 FolderPath:Lighting FolderGuid:963EC3EB4002CCE9759E2EBA541A873A
 |   |   |- Guid:30AC24A947CACBC5F6FAFBAE9632F715 BaseClass: NativeClass:/Script/Engine.StaticMeshActor Name:StaticMeshActor_UAID_D8BBC18D1882D20B02_1615232074 Label:Cube SpatiallyLoaded:1 Bounds:IsValid=true, Min=(X=1242.425 Y=1934.626 Z=717.020), Max=(X=2092.425 Y=2659.626 Z=742.020) RuntimeGrid:None EditorOnly:0 RuntimeOnly:0 HLODRelevant:1 ListedInSceneOutliner:1 IsMainWorldOnly:0
 |   |   |- Guid:316CF2A6494ACA4C0E4180A87D36AB8F BaseClass: NativeClass:/Script/Engine.ExponentialHeightFog Name:ExponentialHeightFog_0 Label:ExponentialHeightFog SpatiallyLoaded:0 Bounds:IsValid=true, Min=(X=-5600.000 Y=-50.000 Z=-6850.000), Max=(X=-5600.000 Y=-50.000 Z=-6850.000) RuntimeGrid:None EditorOnly:0 RuntimeOnly:0 HLODRelevant:0 ListedInSceneOutliner:1 IsMainWorldOnly:0 FolderPath:Lighting FolderGuid:963EC3EB4002CCE9759E2EBA541A873A
 |   |   |- Guid:36D371EB4BE50F0F2D34D2B183D03E1F BaseClass: NativeClass:/Script/Engine.StaticMeshActor Name:StaticMeshActor_UAID_D8BBC18D1882C60602_1587048679 Label:Box SpatiallyLoaded:1 Bounds:IsValid=true, Min=(X=1884.000 Y=4000.000 Z=0.000), Max=(X=1884.000 Y=4000.000 Z=0.000) RuntimeGrid:None EditorOnly:0 RuntimeOnly:0 HLODRelevant:0 ListedInSceneOutliner:1 IsMainWorldOnly:0
 |   |   |- Guid:3A00AA1C422CE54C0BDB60BAF471BFBB BaseClass: NativeClass:/Script/Engine.PlayerStart Name:PlayerStart_0 Label:PlayerStart SpatiallyLoaded:0 Bounds:IsValid=true, Min=(X=1894.756 Y=1216.012 Z=112.435), Max=(X=1974.756 Y=1296.012 Z=296.435) RuntimeGrid:None EditorOnly:0 RuntimeOnly:0 HLODRelevant:0 ListedInSceneOutliner:1 IsMainWorldOnly:0
 |   |   |- Guid:40F5418442452A69A5A636A47FBB6655 BaseClass: NativeClass:/Script/Landscape.LandscapeStreamingProxy Name:LandscapeStreamingProxy_84F246Q0TA4B7JT6AWOQP4NP3_126_2_1_0 Label:LandscapeStreamingProxy_2_1_0 SpatiallyLoaded:1 Bounds:IsValid=true, Min=(X=6300.000 Y=-6300.000 Z=0.000), Max=(X=18900.000 Y=6300.000 Z=200.000) RuntimeGrid:None EditorOnly:0 RuntimeOnly:0 HLODRelevant:1 ListedInSceneOutliner:1 IsMainWorldOnly:0
 |   |   |- Guid:412C7AFD41A4908D03593E85E9EC8180 BaseClass: NativeClass:/Script/Landscape.LandscapeStreamingProxy Name:LandscapeStreamingProxy_84F246Q0TA4B7JT6AWOQP4NP3_126_1_1_0 Label:LandscapeStreamingProxy_1_1_0 SpatiallyLoaded:1 Bounds:IsValid=true, Min=(X=-6300.000 Y=-6300.000 Z=0.000), Max=(X=6300.000 Y=6300.000 Z=200.000) RuntimeGrid:None EditorOnly:0 RuntimeOnly:0 HLODRelevant:1 ListedInSceneOutliner:1 IsMainWorldOnly:0
 |   |   |- Guid:4229552B468BA3D44CEC6585033D5C3C BaseClass: NativeClass:/Script/Engine.StaticMeshActor Name:StaticMeshActor_UAID_D8BBC18D1882CC0B02_1397388015 Label:StaticMeshActor SpatiallyLoaded:1 Bounds:IsValid=true, Min=(X=790.000 Y=670.000 Z=490.000), Max=(X=790.000 Y=670.000 Z=490.000) RuntimeGrid:None EditorOnly:0 RuntimeOnly:0 HLODRelevant:0 ListedInSceneOutliner:1 IsMainWorldOnly:0
 |   |   |- Guid:4D3BE93F4146AAAC8BBE79999D96D57F BaseClass: NativeClass:/Script/Engine.VolumetricCloud Name:VolumetricCloud_0 Label:VolumetricCloud SpatiallyLoaded:0 Bounds:IsValid=true, Min=(X=852.649 Y=-135.029 Z=539.162), Max=(X=852.649 Y=-135.029 Z=539.162) RuntimeGrid:None EditorOnly:0 RuntimeOnly:0 HLODRelevant:0 ListedInSceneOutliner:1 IsMainWorldOnly:0 FolderPath:Lighting FolderGuid:963EC3EB4002CCE9759E2EBA541A873A
 |   |   |- Guid:5B97F4A64FB21F77EFC44386BF705B4C BaseClass: NativeClass:/Script/Engine.TextRenderActor Name:TextRenderActor_1 Label:TextRenderActor SpatiallyLoaded:1 Bounds:IsValid=true, Min=(X=-0.100 Y=1100.000 Z=65.013), Max=(X=-0.100 Y=2392.308 Z=215.013) RuntimeGrid:None EditorOnly:0 RuntimeOnly:0 HLODRelevant:0 ListedInSceneOutliner:1 IsMainWorldOnly:0
 |   |   |- Guid:6BAF4DDD444C60371492D3919DB42C97 BaseClass: NativeClass:/Script/Engine.WorldDataLayers Name:WorldDataLayers Label:WorldDataLayers SpatiallyLoaded:0 Bounds:Invalid RuntimeGrid:None EditorOnly:0 RuntimeOnly:0 HLODRelevant:0 ListedInSceneOutliner:1 IsMainWorldOnly:1
 |   |   |- Guid:904451BD47FDEFBB4DFE0F843F210511 BaseClass: NativeClass:/Script/Engine.SkeletalMeshActor Name:SkeletalMeshActor_UAID_D8BBC18D1882F63502_1516641759 Label:Erika_Archer_PhysicsAsset SpatiallyLoaded:1 Bounds:IsValid=true, Min=(X=1648.049 Y=656.987 Z=96.911), Max=(X=1831.904 Y=726.651 Z=284.880) RuntimeGrid:None EditorOnly:0 RuntimeOnly:0 HLODRelevant:0 ListedInSceneOutliner:1 IsMainWorldOnly:0
 |   |   |- Guid:92BCA6FD4BEEAD50C31B8BBC53DB40D5 BaseClass: NativeClass:/Script/Engine.SkeletalMeshActor Name:SkeletalMeshActor_UAID_D8BBC18D1882CF1E02_1634173607 Label:SK_KA47_X SpatiallyLoaded:1 Bounds:IsValid=true, Min=(X=1065.199 Y=1324.463 Z=392.817), Max=(X=1152.697 Y=1329.250 Z=418.151) RuntimeGrid:None EditorOnly:0 RuntimeOnly:0 HLODRelevant:0 ListedInSceneOutliner:1 IsMainWorldOnly:0
 |   |   |- Guid:9700068345A0248FCC648A86B9B35A88 BaseClass: NativeClass:/Script/Landscape.LandscapeStreamingProxy Name:LandscapeStreamingProxy_84F246Q0TA4B7JT6AWOQP4NP3_126_2_2_0 Label:LandscapeStreamingProxy_2_2_0 SpatiallyLoaded:1 Bounds:IsValid=true, Min=(X=6300.000 Y=6300.000 Z=0.000), Max=(X=18900.000 Y=18900.000 Z=200.000) RuntimeGrid:None EditorOnly:0 RuntimeOnly:0 HLODRelevant:1 ListedInSceneOutliner:1 IsMainWorldOnly:0
 |   |   |- Guid:A5554A094A26F3439BA4C48EEF4F091F BaseClass: NativeClass:/Script/Landscape.Landscape Name:Landscape_UAID_D8BBC18D1882DB2802_1348246279 Label:Landscape SpatiallyLoaded:0 Bounds:IsValid=true, Min=(X=-18900.000 Y=-18900.000 Z=100.000), Max=(X=-18900.000 Y=-18900.000 Z=100.000) RuntimeGrid:None EditorOnly:0 RuntimeOnly:0 HLODRelevant:0 ListedInSceneOutliner:1 IsMainWorldOnly:0
 |   |   |- Guid:B4CB70FA48BC292D4D743099EEA246D2 BaseClass: NativeClass:/Script/Landscape.LandscapeStreamingProxy Name:LandscapeStreamingProxy_84F246Q0TA4B7JT6AWOQP4NP3_126_0_2_0 Label:LandscapeStreamingProxy_0_2_0 SpatiallyLoaded:1 Bounds:IsValid=true, Min=(X=-18900.000 Y=6300.000 Z=0.000), Max=(X=-6300.000 Y=18900.000 Z=200.000) RuntimeGrid:None EditorOnly:0 RuntimeOnly:0 HLODRelevant:1 ListedInSceneOutliner:1 IsMainWorldOnly:0
 |   |   |- Guid:B785ED2844B84CFB91E7F39FE661CD99 BaseClass: NativeClass:/Script/Engine.DirectionalLight Name:DirectionalLight_0 Label:DirectionalLight SpatiallyLoaded:0 Bounds:Invalid RuntimeGrid:None EditorOnly:0 RuntimeOnly:0 HLODRelevant:0 ListedInSceneOutliner:1 IsMainWorldOnly:0 FolderPath:Lighting FolderGuid:963EC3EB4002CCE9759E2EBA541A873A
 |   |   |- Guid:B8B1FB1C470848E0DACFDC81BDE2C2DD BaseClass: NativeClass:/Script/Landscape.LandscapeStreamingProxy Name:LandscapeStreamingProxy_84F246Q0TA4B7JT6AWOQP4NP3_126_0_1_0 Label:LandscapeStreamingProxy_0_1_0 SpatiallyLoaded:1 Bounds:IsValid=true, Min=(X=-18900.000 Y=-6300.000 Z=0.000), Max=(X=-6300.000 Y=6300.000 Z=200.000) RuntimeGrid:None EditorOnly:0 RuntimeOnly:0 HLODRelevant:1 ListedInSceneOutliner:1 IsMainWorldOnly:0
 |   |   |- Guid:B9C9E4BA49E25513504199893885A3F4 BaseClass: NativeClass:/Script/Landscape.LandscapeStreamingProxy Name:LandscapeStreamingProxy_84F246Q0TA4B7JT6AWOQP4NP3_126_1_2_0 Label:LandscapeStreamingProxy_1_2_0 SpatiallyLoaded:1 Bounds:IsValid=true, Min=(X=-6300.000 Y=6300.000 Z=0.000), Max=(X=6300.000 Y=18900.000 Z=200.000) RuntimeGrid:None EditorOnly:0 RuntimeOnly:0 HLODRelevant:1 ListedInSceneOutliner:1 IsMainWorldOnly:0
 |   |   |- Guid:CCFF262C46EEFFDF319E7F9539CE697E BaseClass: NativeClass:/Script/Engine.SkyAtmosphere Name:SkyAtmosphere_0 Label:SkyAtmosphere SpatiallyLoaded:0 Bounds:IsValid=true, Min=(X=1022.523 Y=-425.691 Z=690.324), Max=(X=1022.523 Y=-425.691 Z=690.324) RuntimeGrid:None EditorOnly:0 RuntimeOnly:0 HLODRelevant:0 ListedInSceneOutliner:1 IsMainWorldOnly:0 FolderPath:Lighting FolderGuid:963EC3EB4002CCE9759E2EBA541A873A
 |   |   |- Guid:DAFFF2CD4313CFF1D4CBD786B8ACB6F2 BaseClass: NativeClass:/Script/Engine.StaticMeshActor Name:StaticMeshActor_UAID_D8BBC18D1882CC0B02_1398558016 Label:StaticMeshActor2 SpatiallyLoaded:1 Bounds:IsValid=true, Min=(X=950.000 Y=1790.000 Z=820.000), Max=(X=950.000 Y=1790.000 Z=820.000) RuntimeGrid:None EditorOnly:0 RuntimeOnly:0 HLODRelevant:0 ListedInSceneOutliner:1 IsMainWorldOnly:0
 |   |   |- Guid:EC4E0C944CE6AC6E784BC6BB2916EA13 BaseClass: NativeClass:/Script/Engine.StaticMeshActor Name:StaticMeshActor_UAID_A4AE111137DC5EFB00_1110535423 Label:SM_SkySphere SpatiallyLoaded:0 Bounds:IsValid=true, Min=(X=-1638400.217 Y=-1637882.280 Z=-1638550.425), Max=(X=1638399.783 Y=1638917.720 Z=1638249.575) RuntimeGrid:None EditorOnly:0 RuntimeOnly:0 HLODRelevant:0 ListedInSceneOutliner:1 IsMainWorldOnly:0 FolderPath:Lighting FolderGuid:963EC3EB4002CCE9759E2EBA541A873A
 |   |   |- Guid:F1924B8D48954B30891B2DB6A694F9CC BaseClass: NativeClass:/Script/Engine.StaticMeshActor Name:StaticMeshActor_1 Label:SM_Cube SpatiallyLoaded:1 Bounds:IsValid=true, Min=(X=-421.582 Y=33.123 Z=-224.555), Max=(X=4628.418 Y=4483.123 Z=50.445) RuntimeGrid:None EditorOnly:0 RuntimeOnly:0 HLODRelevant:1 ListedInSceneOutliner:1 IsMainWorldOnly:0 FolderPath:Playground FolderGuid:C73F09FC4215536B1DCE2A9E0A830C70
 |   |   |- Guid:F5E3FEB3450C49844FD93DA8E083C8AD BaseClass: NativeClass:/Script/Engine.PostProcessVolume Name:PostProcessVolume_0 Label:PostProcessVolume SpatiallyLoaded:0 Bounds:IsValid=true, Min=(X=-15.846 Y=-15.846 Z=400.000), Max=(X=215.846 Y=215.846 Z=600.000) RuntimeGrid:None EditorOnly:0 RuntimeOnly:0 HLODRelevant:0 ListedInSceneOutliner:1 IsMainWorldOnly:0 FolderPath:Lighting FolderGuid:963EC3EB4002CCE9759E2EBA541A873A
 |   |   |- Guid:FAF64BCE4C016491C42E5EB016AF5CF3 BaseClass: NativeClass:/Script/Engine.StaticMeshActor Name:StaticMeshActor_UAID_D8BBC18D1882280C02_1896273207 Label:Box2 SpatiallyLoaded:1 Bounds:IsValid=true, Min=(X=-329610.000 Y=-42450.000 Z=0.000), Max=(X=-329510.000 Y=-42350.000 Z=100.000) RuntimeGrid:None EditorOnly:0 RuntimeOnly:0 HLODRelevant:1 ListedInSceneOutliner:1 IsMainWorldOnly:0
 |   |- [+] Clusters:
 |   |   |- [+] [  0]
 |   |   |   |- Guid:176E766E4D9F287B46E50FAC7D8AB0A8 BaseClass: NativeClass:/Script/Landscape.LandscapeStreamingProxy Name:LandscapeStreamingProxy_84F246Q0TA4B7JT6AWOQP4NP3_126_2_0_0 Label:LandscapeStreamingProxy_2_0_0 SpatiallyLoaded:1 Bounds:IsValid=true, Min=(X=6300.000 Y=-18900.000 Z=0.000), Max=(X=18900.000 Y=-6300.000 Z=200.000) RuntimeGrid:None EditorOnly:0 RuntimeOnly:0 HLODRelevant:1 ListedInSceneOutliner:1 IsMainWorldOnly:0
 |   |   |- [+] [  1]
 |   |   |   |- Guid:1D0ED29943E2C4013C738C80B005936A BaseClass: NativeClass:/Script/Landscape.LandscapeStreamingProxy Name:LandscapeStreamingProxy_84F246Q0TA4B7JT6AWOQP4NP3_126_0_0_0 Label:LandscapeStreamingProxy_0_0_0 SpatiallyLoaded:1 Bounds:IsValid=true, Min=(X=-18900.000 Y=-18900.000 Z=0.000), Max=(X=-6300.000 Y=-6300.000 Z=200.000) RuntimeGrid:None EditorOnly:0 RuntimeOnly:0 HLODRelevant:1 ListedInSceneOutliner:1 IsMainWorldOnly:0
 |   |   |- [+] [  2]
 |   |   |   |- Guid:1E3B10F24882A291069F40AA8719AD5A BaseClass: NativeClass:/Script/Landscape.LandscapeStreamingProxy Name:LandscapeStreamingProxy_84F246Q0TA4B7JT6AWOQP4NP3_126_1_0_0 Label:LandscapeStreamingProxy_1_0_0 SpatiallyLoaded:1 Bounds:IsValid=true, Min=(X=-6300.000 Y=-18900.000 Z=0.000), Max=(X=6300.000 Y=-6300.000 Z=200.000) RuntimeGrid:None EditorOnly:0 RuntimeOnly:0 HLODRelevant:1 ListedInSceneOutliner:1 IsMainWorldOnly:0
 |   |   |- [+] [  3]
 |   |   |   |- Guid:2FB58999456391D349DC0F86DAC136ED BaseClass: NativeClass:/Script/Engine.SkyLight Name:SkyLight_1 Label:SkyLight SpatiallyLoaded:0 Bounds:IsValid=true, Min=(X=1010.037 Y=-172.914 Z=535.533), Max=(X=1010.037 Y=-172.914 Z=535.533) RuntimeGrid:None EditorOnly:0 RuntimeOnly:0 HLODRelevant:0 ListedInSceneOutliner:1 IsMainWorldOnly:0 FolderPath:Lighting FolderGuid:963EC3EB4002CCE9759E2EBA541A873A
 |   |   |- [+] [  4]
 |   |   |   |- Guid:30AC24A947CACBC5F6FAFBAE9632F715 BaseClass: NativeClass:/Script/Engine.StaticMeshActor Name:StaticMeshActor_UAID_D8BBC18D1882D20B02_1615232074 Label:Cube SpatiallyLoaded:1 Bounds:IsValid=true, Min=(X=1242.425 Y=1934.626 Z=717.020), Max=(X=2092.425 Y=2659.626 Z=742.020) RuntimeGrid:None EditorOnly:0 RuntimeOnly:0 HLODRelevant:1 ListedInSceneOutliner:1 IsMainWorldOnly:0
 |   |   |- [+] [  5]
 |   |   |   |- Guid:316CF2A6494ACA4C0E4180A87D36AB8F BaseClass: NativeClass:/Script/Engine.ExponentialHeightFog Name:ExponentialHeightFog_0 Label:ExponentialHeightFog SpatiallyLoaded:0 Bounds:IsValid=true, Min=(X=-5600.000 Y=-50.000 Z=-6850.000), Max=(X=-5600.000 Y=-50.000 Z=-6850.000) RuntimeGrid:None EditorOnly:0 RuntimeOnly:0 HLODRelevant:0 ListedInSceneOutliner:1 IsMainWorldOnly:0 FolderPath:Lighting FolderGuid:963EC3EB4002CCE9759E2EBA541A873A
 |   |   |- [+] [  6]
 |   |   |   |- Guid:36D371EB4BE50F0F2D34D2B183D03E1F BaseClass: NativeClass:/Script/Engine.StaticMeshActor Name:StaticMeshActor_UAID_D8BBC18D1882C60602_1587048679 Label:Box SpatiallyLoaded:1 Bounds:IsValid=true, Min=(X=1884.000 Y=4000.000 Z=0.000), Max=(X=1884.000 Y=4000.000 Z=0.000) RuntimeGrid:None EditorOnly:0 RuntimeOnly:0 HLODRelevant:0 ListedInSceneOutliner:1 IsMainWorldOnly:0
 |   |   |- [+] [  7]
 |   |   |   |- Guid:3A00AA1C422CE54C0BDB60BAF471BFBB BaseClass: NativeClass:/Script/Engine.PlayerStart Name:PlayerStart_0 Label:PlayerStart SpatiallyLoaded:0 Bounds:IsValid=true, Min=(X=1894.756 Y=1216.012 Z=112.435), Max=(X=1974.756 Y=1296.012 Z=296.435) RuntimeGrid:None EditorOnly:0 RuntimeOnly:0 HLODRelevant:0 ListedInSceneOutliner:1 IsMainWorldOnly:0
 |   |   |- [+] [  8]
 |   |   |   |- Guid:40F5418442452A69A5A636A47FBB6655 BaseClass: NativeClass:/Script/Landscape.LandscapeStreamingProxy Name:LandscapeStreamingProxy_84F246Q0TA4B7JT6AWOQP4NP3_126_2_1_0 Label:LandscapeStreamingProxy_2_1_0 SpatiallyLoaded:1 Bounds:IsValid=true, Min=(X=6300.000 Y=-6300.000 Z=0.000), Max=(X=18900.000 Y=6300.000 Z=200.000) RuntimeGrid:None EditorOnly:0 RuntimeOnly:0 HLODRelevant:1 ListedInSceneOutliner:1 IsMainWorldOnly:0
 |   |   |- [+] [  9]
 |   |   |   |- Guid:412C7AFD41A4908D03593E85E9EC8180 BaseClass: NativeClass:/Script/Landscape.LandscapeStreamingProxy Name:LandscapeStreamingProxy_84F246Q0TA4B7JT6AWOQP4NP3_126_1_1_0 Label:LandscapeStreamingProxy_1_1_0 SpatiallyLoaded:1 Bounds:IsValid=true, Min=(X=-6300.000 Y=-6300.000 Z=0.000), Max=(X=6300.000 Y=6300.000 Z=200.000) RuntimeGrid:None EditorOnly:0 RuntimeOnly:0 HLODRelevant:1 ListedInSceneOutliner:1 IsMainWorldOnly:0
 |   |   |- [+] [ 10]
 |   |   |   |- Guid:4229552B468BA3D44CEC6585033D5C3C BaseClass: NativeClass:/Script/Engine.StaticMeshActor Name:StaticMeshActor_UAID_D8BBC18D1882CC0B02_1397388015 Label:StaticMeshActor SpatiallyLoaded:1 Bounds:IsValid=true, Min=(X=790.000 Y=670.000 Z=490.000), Max=(X=790.000 Y=670.000 Z=490.000) RuntimeGrid:None EditorOnly:0 RuntimeOnly:0 HLODRelevant:0 ListedInSceneOutliner:1 IsMainWorldOnly:0
 |   |   |- [+] [ 11]
 |   |   |   |- Guid:4D3BE93F4146AAAC8BBE79999D96D57F BaseClass: NativeClass:/Script/Engine.VolumetricCloud Name:VolumetricCloud_0 Label:VolumetricCloud SpatiallyLoaded:0 Bounds:IsValid=true, Min=(X=852.649 Y=-135.029 Z=539.162), Max=(X=852.649 Y=-135.029 Z=539.162) RuntimeGrid:None EditorOnly:0 RuntimeOnly:0 HLODRelevant:0 ListedInSceneOutliner:1 IsMainWorldOnly:0 FolderPath:Lighting FolderGuid:963EC3EB4002CCE9759E2EBA541A873A
 |   |   |- [+] [ 12]
 |   |   |   |- Guid:5B97F4A64FB21F77EFC44386BF705B4C BaseClass: NativeClass:/Script/Engine.TextRenderActor Name:TextRenderActor_1 Label:TextRenderActor SpatiallyLoaded:1 Bounds:IsValid=true, Min=(X=-0.100 Y=1100.000 Z=65.013), Max=(X=-0.100 Y=2392.308 Z=215.013) RuntimeGrid:None EditorOnly:0 RuntimeOnly:0 HLODRelevant:0 ListedInSceneOutliner:1 IsMainWorldOnly:0
 |   |   |- [+] [ 13]
 |   |   |   |- Guid:6BAF4DDD444C60371492D3919DB42C97 BaseClass: NativeClass:/Script/Engine.WorldDataLayers Name:WorldDataLayers Label:WorldDataLayers SpatiallyLoaded:0 Bounds:Invalid RuntimeGrid:None EditorOnly:0 RuntimeOnly:0 HLODRelevant:0 ListedInSceneOutliner:1 IsMainWorldOnly:1
 |   |   |- [+] [ 14]
 |   |   |   |- Guid:904451BD47FDEFBB4DFE0F843F210511 BaseClass: NativeClass:/Script/Engine.SkeletalMeshActor Name:SkeletalMeshActor_UAID_D8BBC18D1882F63502_1516641759 Label:Erika_Archer_PhysicsAsset SpatiallyLoaded:1 Bounds:IsValid=true, Min=(X=1648.049 Y=656.987 Z=96.911), Max=(X=1831.904 Y=726.651 Z=284.880) RuntimeGrid:None EditorOnly:0 RuntimeOnly:0 HLODRelevant:0 ListedInSceneOutliner:1 IsMainWorldOnly:0
 |   |   |- [+] [ 15]
 |   |   |   |- Guid:92BCA6FD4BEEAD50C31B8BBC53DB40D5 BaseClass: NativeClass:/Script/Engine.SkeletalMeshActor Name:SkeletalMeshActor_UAID_D8BBC18D1882CF1E02_1634173607 Label:SK_KA47_X SpatiallyLoaded:1 Bounds:IsValid=true, Min=(X=1065.199 Y=1324.463 Z=392.817), Max=(X=1152.697 Y=1329.250 Z=418.151) RuntimeGrid:None EditorOnly:0 RuntimeOnly:0 HLODRelevant:0 ListedInSceneOutliner:1 IsMainWorldOnly:0
 |   |   |- [+] [ 16]
 |   |   |   |- Guid:9700068345A0248FCC648A86B9B35A88 BaseClass: NativeClass:/Script/Landscape.LandscapeStreamingProxy Name:LandscapeStreamingProxy_84F246Q0TA4B7JT6AWOQP4NP3_126_2_2_0 Label:LandscapeStreamingProxy_2_2_0 SpatiallyLoaded:1 Bounds:IsValid=true, Min=(X=6300.000 Y=6300.000 Z=0.000), Max=(X=18900.000 Y=18900.000 Z=200.000) RuntimeGrid:None EditorOnly:0 RuntimeOnly:0 HLODRelevant:1 ListedInSceneOutliner:1 IsMainWorldOnly:0
 |   |   |- [+] [ 17]
 |   |   |   |- Guid:A5554A094A26F3439BA4C48EEF4F091F BaseClass: NativeClass:/Script/Landscape.Landscape Name:Landscape_UAID_D8BBC18D1882DB2802_1348246279 Label:Landscape SpatiallyLoaded:0 Bounds:IsValid=true, Min=(X=-18900.000 Y=-18900.000 Z=100.000), Max=(X=-18900.000 Y=-18900.000 Z=100.000) RuntimeGrid:None EditorOnly:0 RuntimeOnly:0 HLODRelevant:0 ListedInSceneOutliner:1 IsMainWorldOnly:0
 |   |   |- [+] [ 18]
 |   |   |   |- Guid:B4CB70FA48BC292D4D743099EEA246D2 BaseClass: NativeClass:/Script/Landscape.LandscapeStreamingProxy Name:LandscapeStreamingProxy_84F246Q0TA4B7JT6AWOQP4NP3_126_0_2_0 Label:LandscapeStreamingProxy_0_2_0 SpatiallyLoaded:1 Bounds:IsValid=true, Min=(X=-18900.000 Y=6300.000 Z=0.000), Max=(X=-6300.000 Y=18900.000 Z=200.000) RuntimeGrid:None EditorOnly:0 RuntimeOnly:0 HLODRelevant:1 ListedInSceneOutliner:1 IsMainWorldOnly:0
 |   |   |- [+] [ 19]
 |   |   |   |- Guid:B785ED2844B84CFB91E7F39FE661CD99 BaseClass: NativeClass:/Script/Engine.DirectionalLight Name:DirectionalLight_0 Label:DirectionalLight SpatiallyLoaded:0 Bounds:Invalid RuntimeGrid:None EditorOnly:0 RuntimeOnly:0 HLODRelevant:0 ListedInSceneOutliner:1 IsMainWorldOnly:0 FolderPath:Lighting FolderGuid:963EC3EB4002CCE9759E2EBA541A873A
 |   |   |- [+] [ 20]
 |   |   |   |- Guid:B8B1FB1C470848E0DACFDC81BDE2C2DD BaseClass: NativeClass:/Script/Landscape.LandscapeStreamingProxy Name:LandscapeStreamingProxy_84F246Q0TA4B7JT6AWOQP4NP3_126_0_1_0 Label:LandscapeStreamingProxy_0_1_0 SpatiallyLoaded:1 Bounds:IsValid=true, Min=(X=-18900.000 Y=-6300.000 Z=0.000), Max=(X=-6300.000 Y=6300.000 Z=200.000) RuntimeGrid:None EditorOnly:0 RuntimeOnly:0 HLODRelevant:1 ListedInSceneOutliner:1 IsMainWorldOnly:0
 |   |   |- [+] [ 21]
 |   |   |   |- Guid:B9C9E4BA49E25513504199893885A3F4 BaseClass: NativeClass:/Script/Landscape.LandscapeStreamingProxy Name:LandscapeStreamingProxy_84F246Q0TA4B7JT6AWOQP4NP3_126_1_2_0 Label:LandscapeStreamingProxy_1_2_0 SpatiallyLoaded:1 Bounds:IsValid=true, Min=(X=-6300.000 Y=6300.000 Z=0.000), Max=(X=6300.000 Y=18900.000 Z=200.000) RuntimeGrid:None EditorOnly:0 RuntimeOnly:0 HLODRelevant:1 ListedInSceneOutliner:1 IsMainWorldOnly:0
 |   |   |- [+] [ 22]
 |   |   |   |- Guid:CCFF262C46EEFFDF319E7F9539CE697E BaseClass: NativeClass:/Script/Engine.SkyAtmosphere Name:SkyAtmosphere_0 Label:SkyAtmosphere SpatiallyLoaded:0 Bounds:IsValid=true, Min=(X=1022.523 Y=-425.691 Z=690.324), Max=(X=1022.523 Y=-425.691 Z=690.324) RuntimeGrid:None EditorOnly:0 RuntimeOnly:0 HLODRelevant:0 ListedInSceneOutliner:1 IsMainWorldOnly:0 FolderPath:Lighting FolderGuid:963EC3EB4002CCE9759E2EBA541A873A
 |   |   |- [+] [ 23]
 |   |   |   |- Guid:DAFFF2CD4313CFF1D4CBD786B8ACB6F2 BaseClass: NativeClass:/Script/Engine.StaticMeshActor Name:StaticMeshActor_UAID_D8BBC18D1882CC0B02_1398558016 Label:StaticMeshActor2 SpatiallyLoaded:1 Bounds:IsValid=true, Min=(X=950.000 Y=1790.000 Z=820.000), Max=(X=950.000 Y=1790.000 Z=820.000) RuntimeGrid:None EditorOnly:0 RuntimeOnly:0 HLODRelevant:0 ListedInSceneOutliner:1 IsMainWorldOnly:0
 |   |   |- [+] [ 24]
 |   |   |   |- Guid:EC4E0C944CE6AC6E784BC6BB2916EA13 BaseClass: NativeClass:/Script/Engine.StaticMeshActor Name:StaticMeshActor_UAID_A4AE111137DC5EFB00_1110535423 Label:SM_SkySphere SpatiallyLoaded:0 Bounds:IsValid=true, Min=(X=-1638400.217 Y=-1637882.280 Z=-1638550.425), Max=(X=1638399.783 Y=1638917.720 Z=1638249.575) RuntimeGrid:None EditorOnly:0 RuntimeOnly:0 HLODRelevant:0 ListedInSceneOutliner:1 IsMainWorldOnly:0 FolderPath:Lighting FolderGuid:963EC3EB4002CCE9759E2EBA541A873A
 |   |   |- [+] [ 25]
 |   |   |   |- Guid:F1924B8D48954B30891B2DB6A694F9CC BaseClass: NativeClass:/Script/Engine.StaticMeshActor Name:StaticMeshActor_1 Label:SM_Cube SpatiallyLoaded:1 Bounds:IsValid=true, Min=(X=-421.582 Y=33.123 Z=-224.555), Max=(X=4628.418 Y=4483.123 Z=50.445) RuntimeGrid:None EditorOnly:0 RuntimeOnly:0 HLODRelevant:1 ListedInSceneOutliner:1 IsMainWorldOnly:0 FolderPath:Playground FolderGuid:C73F09FC4215536B1DCE2A9E0A830C70
 |   |   |- [+] [ 26]
 |   |   |   |- Guid:F5E3FEB3450C49844FD93DA8E083C8AD BaseClass: NativeClass:/Script/Engine.PostProcessVolume Name:PostProcessVolume_0 Label:PostProcessVolume SpatiallyLoaded:0 Bounds:IsValid=true, Min=(X=-15.846 Y=-15.846 Z=400.000), Max=(X=215.846 Y=215.846 Z=600.000) RuntimeGrid:None EditorOnly:0 RuntimeOnly:0 HLODRelevant:0 ListedInSceneOutliner:1 IsMainWorldOnly:0 FolderPath:Lighting FolderGuid:963EC3EB4002CCE9759E2EBA541A873A
 |   |   |- [+] [ 27]
 |   |   |   |- Guid:FAF64BCE4C016491C42E5EB016AF5CF3 BaseClass: NativeClass:/Script/Engine.StaticMeshActor Name:StaticMeshActor_UAID_D8BBC18D1882280C02_1896273207 Label:Box2 SpatiallyLoaded:1 Bounds:IsValid=true, Min=(X=-329610.000 Y=-42450.000 Z=0.000), Max=(X=-329510.000 Y=-42350.000 Z=100.000) RuntimeGrid:None EditorOnly:0 RuntimeOnly:0 HLODRelevant:1 ListedInSceneOutliner:1 IsMainWorldOnly:0
 |- ContainerInstances:
 |- [+] MainContainer:
 |   |-        ID: 00000000000000000000000000000000
 |   |-  ParentID: 00000000000000000000000000000000
 |   |-    Bounds: IsValid=false, Min=(X=0.000 Y=0.000 Z=0.000), Max=(X=0.000 Y=0.000 Z=0.000)
 |   |- Transform: 0.000000,0.000000,0.000000|0.000000,0.000000,-0.000000|1.000000,1.000000,1.000000
 |   |- Container: /Game/Project/Assets/Maps/ThirdPersonMap
----------------------------------------------------------------------------------------------------------------
ThirdPersonMap - Persistent Level
----------------------------------------------------------------------------------------------------------------
[+] Content of ThirdPersonMap Persistent Level
 |- Always loaded Actor Count: 28 
 |- Actor Path: /Game/Project/Assets/Maps/ThirdPersonMap.ThirdPersonMap:PersistentLevel.DirectionalLight_0
 |- Actor Package: /Game/__ExternalActors__/Project/Assets/Maps/ThirdPersonMap/0/69/FO6JL1N9FI687X1GPSFM2N
 |- Actor Path: /Game/Project/Assets/Maps/ThirdPersonMap.ThirdPersonMap:PersistentLevel.ExponentialHeightFog_0
 |- Actor Package: /Game/__ExternalActors__/Project/Assets/Maps/ThirdPersonMap/1/HY/TAURO6XRYJBKSC42P4AAAO
 |- Actor Path: /Game/Project/Assets/Maps/ThirdPersonMap.ThirdPersonMap:PersistentLevel.Landscape_UAID_D8BBC18D1882DB2802_1348246279
 |- Actor Package: /Game/__ExternalActors__/Project/Assets/Maps/ThirdPersonMap/A/NT/E4YN6CG39S222G9QS959SZ
 |- Actor Path: /Game/Project/Assets/Maps/ThirdPersonMap.ThirdPersonMap:PersistentLevel.LandscapeStreamingProxy_84F246Q0TA4B7JT6AWOQP4NP3_126_0_0_0
 |- Actor Package: /Game/__ExternalActors__/Project/Assets/Maps/ThirdPersonMap/A/DP/26FJ72QJMB4JJFSNE6TB80
 |- Actor Path: /Game/Project/Assets/Maps/ThirdPersonMap.ThirdPersonMap:PersistentLevel.LandscapeStreamingProxy_84F246Q0TA4B7JT6AWOQP4NP3_126_0_1_0
 |- Actor Package: /Game/__ExternalActors__/Project/Assets/Maps/ThirdPersonMap/C/RZ/4N5G9AQ030I8IFBGLI52QJ
 |- Actor Path: /Game/Project/Assets/Maps/ThirdPersonMap.ThirdPersonMap:PersistentLevel.LandscapeStreamingProxy_84F246Q0TA4B7JT6AWOQP4NP3_126_0_2_0
 |- Actor Package: /Game/__ExternalActors__/Project/Assets/Maps/ThirdPersonMap/0/QW/3YI1G3OOLPAQQU5JDRR10J
 |- Actor Path: /Game/Project/Assets/Maps/ThirdPersonMap.ThirdPersonMap:PersistentLevel.LandscapeStreamingProxy_84F246Q0TA4B7JT6AWOQP4NP3_126_1_0_0
 |- Actor Package: /Game/__ExternalActors__/Project/Assets/Maps/ThirdPersonMap/D/A0/1CIC878A15IDMUG61FZJJ4
 |- Actor Path: /Game/Project/Assets/Maps/ThirdPersonMap.ThirdPersonMap:PersistentLevel.LandscapeStreamingProxy_84F246Q0TA4B7JT6AWOQP4NP3_126_1_1_0
 |- Actor Package: /Game/__ExternalActors__/Project/Assets/Maps/ThirdPersonMap/A/9K/STSPIMZCGLC7WBS0W7TB78
 |- Actor Path: /Game/Project/Assets/Maps/ThirdPersonMap.ThirdPersonMap:PersistentLevel.LandscapeStreamingProxy_84F246Q0TA4B7JT6AWOQP4NP3_126_1_2_0
 |- Actor Package: /Game/__ExternalActors__/Project/Assets/Maps/ThirdPersonMap/5/UR/GL49PDGYJXTNXZW4Y6KW7N
 |- Actor Path: /Game/Project/Assets/Maps/ThirdPersonMap.ThirdPersonMap:PersistentLevel.LandscapeStreamingProxy_84F246Q0TA4B7JT6AWOQP4NP3_126_2_0_0
 |- Actor Package: /Game/__ExternalActors__/Project/Assets/Maps/ThirdPersonMap/4/JT/RUPPZASLSOWKWI9EURVBMC
 |- Actor Path: /Game/Project/Assets/Maps/ThirdPersonMap.ThirdPersonMap:PersistentLevel.LandscapeStreamingProxy_84F246Q0TA4B7JT6AWOQP4NP3_126_2_1_0
 |- Actor Package: /Game/__ExternalActors__/Project/Assets/Maps/ThirdPersonMap/D/MY/5CNDS01KBDA7KAL7NV7L5T
 |- Actor Path: /Game/Project/Assets/Maps/ThirdPersonMap.ThirdPersonMap:PersistentLevel.LandscapeStreamingProxy_84F246Q0TA4B7JT6AWOQP4NP3_126_2_2_0
 |- Actor Package: /Game/__ExternalActors__/Project/Assets/Maps/ThirdPersonMap/1/MR/8L2RA0ED403IKWZO8NTSFX
 |- Actor Path: /Game/Project/Assets/Maps/ThirdPersonMap.ThirdPersonMap:PersistentLevel.PlayerStart_0
 |- Actor Package: /Game/__ExternalActors__/Project/Assets/Maps/ThirdPersonMap/E/AB/7AKPPQR67TW1I26I4UT2L1
 |- Actor Path: /Game/Project/Assets/Maps/ThirdPersonMap.ThirdPersonMap:PersistentLevel.PostProcessVolume_0
 |- Actor Package: /Game/__ExternalActors__/Project/Assets/Maps/ThirdPersonMap/6/CO/4GILN0O45TUU4KOHZVVNSM
 |- Actor Path: /Game/Project/Assets/Maps/ThirdPersonMap.ThirdPersonMap:PersistentLevel.SkeletalMeshActor_UAID_D8BBC18D1882CF1E02_1634173607
 |- Actor Package: /Game/__ExternalActors__/Project/Assets/Maps/ThirdPersonMap/3/0H/1T8GS4T4FWLYS97AHWS08B
 |- Actor Path: /Game/Project/Assets/Maps/ThirdPersonMap.ThirdPersonMap:PersistentLevel.SkeletalMeshActor_UAID_D8BBC18D1882F63502_1516641759
 |- Actor Package: /Game/__ExternalActors__/Project/Assets/Maps/ThirdPersonMap/A/4C/1G2MCF0A7M3DW7OQXGOT84
 |- Actor Path: /Game/Project/Assets/Maps/ThirdPersonMap.ThirdPersonMap:PersistentLevel.SkyAtmosphere_0
 |- Actor Package: /Game/__ExternalActors__/Project/Assets/Maps/ThirdPersonMap/B/IO/WVFOS1B7OZU86N171OIBS4
 |- Actor Path: /Game/Project/Assets/Maps/ThirdPersonMap.ThirdPersonMap:PersistentLevel.SkyLight_1
 |- Actor Package: /Game/__ExternalActors__/Project/Assets/Maps/ThirdPersonMap/4/Z3/RWPDIIQFOCCJ908ZRJBVKK
 |- Actor Path: /Game/Project/Assets/Maps/ThirdPersonMap.ThirdPersonMap:PersistentLevel.StaticMeshActor_1
 |- Actor Package: /Game/__ExternalActors__/Project/Assets/Maps/ThirdPersonMap/7/N9/Y4T7H5VYWWRJ3LFA8KFIJ1
 |- Actor Path: /Game/Project/Assets/Maps/ThirdPersonMap.ThirdPersonMap:PersistentLevel.StaticMeshActor_UAID_A4AE111137DC5EFB00_1110535423
 |- Actor Package: /Game/__ExternalActors__/Project/Assets/Maps/ThirdPersonMap/5/UW/QERNM1O7F6UN92H9ET38UH
 |- Actor Path: /Game/Project/Assets/Maps/ThirdPersonMap.ThirdPersonMap:PersistentLevel.StaticMeshActor_UAID_D8BBC18D1882280C02_1896273207
 |- Actor Package: /Game/__ExternalActors__/Project/Assets/Maps/ThirdPersonMap/2/18/L184WNQOU00L4KHGRXVOTP
 |- Actor Path: /Game/Project/Assets/Maps/ThirdPersonMap.ThirdPersonMap:PersistentLevel.StaticMeshActor_UAID_D8BBC18D1882C60602_1587048679
 |- Actor Package: /Game/__ExternalActors__/Project/Assets/Maps/ThirdPersonMap/2/K2/CLRC97QXJNU3ZJRR56E470
 |- Actor Path: /Game/Project/Assets/Maps/ThirdPersonMap.ThirdPersonMap:PersistentLevel.StaticMeshActor_UAID_D8BBC18D1882CC0B02_1397388015
 |- Actor Package: /Game/__ExternalActors__/Project/Assets/Maps/ThirdPersonMap/D/9B/SJ21TFGIN44OXUJZCH0M90
 |- Actor Path: /Game/Project/Assets/Maps/ThirdPersonMap.ThirdPersonMap:PersistentLevel.StaticMeshActor_UAID_D8BBC18D1882CC0B02_1398558016
 |- Actor Package: /Game/__ExternalActors__/Project/Assets/Maps/ThirdPersonMap/A/OI/FC87EK5BZ5L2M4Y8FAFUOR
 |- Actor Path: /Game/Project/Assets/Maps/ThirdPersonMap.ThirdPersonMap:PersistentLevel.StaticMeshActor_UAID_D8BBC18D1882D20B02_1615232074
 |- Actor Package: /Game/__ExternalActors__/Project/Assets/Maps/ThirdPersonMap/9/KQ/CD8LB641E1FILJTMUM5FCI
 |- Actor Path: /Game/Project/Assets/Maps/ThirdPersonMap.ThirdPersonMap:PersistentLevel.TextRenderActor_1
 |- Actor Package: /Game/__ExternalActors__/Project/Assets/Maps/ThirdPersonMap/2/N4/BL930GGR1DRYNWUKZC6PMG
 |- Actor Path: /Game/Project/Assets/Maps/ThirdPersonMap.ThirdPersonMap:PersistentLevel.VolumetricCloud_0
 |- Actor Package: /Game/__ExternalActors__/Project/Assets/Maps/ThirdPersonMap/4/G6/ZMI5N06A5NT9AEYGGAOCSI
 |- Actor Path: /Game/Project/Assets/Maps/ThirdPersonMap.ThirdPersonMap:PersistentLevel.WorldDataLayers
 |- Actor Package: /Game/__ExternalActors__/Project/Assets/Maps/ThirdPersonMap/B/JX/IED535L3H9V9R4O526Q7UH

----------------------------------------------------------------------------------------------------------------
ThirdPersonMap - Runtime Spatial Hash
----------------------------------------------------------------------------------------------------------------
[+] StreamingGrids
 |- [+] MainGrid
 |   |-             Origin: X=0.000 Y=0.000 Z=0.000
 |   |-          Cell Size: 12800
 |   |-       World Bounds: IsValid=false, Min=(X=0.000 Y=0.000 Z=0.000), Max=(X=0.000 Y=0.000 Z=0.000)
 |   |-      Loading Range: 25600.00
 |   |- Block Slow Loading: No
 |   |-  ClientOnlyVisible: No
 |   |- 
 |   |- [+] Grid Levels: 1
 |   |   |- Level  0: Cell Count    0 | Cell Size   12800 | Actor Count    0 (0.0%)
 |   |- 
 |   |- [+] Content of Grid Level 0
 |   |- 
